<?xml version="1.0" encoding="UTF-8" ?>
<testsuite errors="0" failures="0" hostname="slogum-laptop" name="com.forgerock.openconnector.xml.XMLHandlerTests" tests="3" time="0.085" timestamp="2011-02-01T18:27:28">
  <properties>
[...]
</properties>
  <testcase classname="com.forgerock.openconnector.xml.XMLHandlerTests" name="getXmlFilePathShouldReturnConstructorInput" time="0.056" />
  <testcase classname="com.forgerock.openconnector.xml.XMLHandlerTests" name="blankStringInConstructorShouldThrowException" time="0.009" />
  <testcase classname="com.forgerock.openconnector.xml.XMLHandlerTests" name="nullInConstructorShouldThrowException" time="0.006" />
  <system-out><![CDATA[Thread Id: 1	Time: 2/1/11 7:27 PM	Class: com.forgerock.openconnector.xml.XMLHandlerImpl	Method: buildDocument	Level: INFO	Message: Entry buildDocument
Thread Id: 1	Time: 2/1/11 7:27 PM	Class: com.forgerock.openconnector.xml.XMLHandlerImpl	Method: loadXmlFile	Level: INFO	Message: Entry getXmlFile
Thread Id: 1	Time: 2/1/11 7:27 PM	Class: com.forgerock.openconnector.xml.XMLHandlerImpl	Method: loadXmlFile	Level: INFO	Message: XML file was not found. Creating a new xml file on the path: testusers.xml
Thread Id: 1	Time: 2/1/11 7:27 PM	Class: com.forgerock.openconnector.xml.XMLHandlerImpl	Method: loadXmlFile	Level: INFO	Message: Exit getXmlFile
Thread Id: 1	Time: 2/1/11 7:27 PM	Class: com.forgerock.openconnector.xml.XMLHandlerImpl	Method: buildDocument	Level: INFO	Message: Exit buildDocument
Thread Id: 1	Time: 2/1/11 7:27 PM	Class: com.forgerock.openconnector.xml.XMLHandlerImpl	Method: buildDocument	Level: INFO	Message: Entry buildDocument
Thread Id: 1	Time: 2/1/11 7:27 PM	Class: com.forgerock.openconnector.xml.XMLHandlerImpl	Method: loadXmlFile	Level: INFO	Message: Entry getXmlFile
Thread Id: 1	Time: 2/1/11 7:27 PM	Class: com.forgerock.openconnector.xml.XMLHandlerImpl	Method: loadXmlFile	Level: INFO	Message: XML file was not found. Creating a new xml file on the path: testusers.xml
Thread Id: 1	Time: 2/1/11 7:27 PM	Class: com.forgerock.openconnector.xml.XMLHandlerImpl	Method: loadXmlFile	Level: INFO	Message: Exit getXmlFile
Thread Id: 1	Time: 2/1/11 7:27 PM	Class: com.forgerock.openconnector.xml.XMLHandlerImpl	Method: buildDocument	Level: INFO	Message: Exit buildDocument
Thread Id: 1	Time: 2/1/11 7:27 PM	Class: com.forgerock.openconnector.xml.XMLHandlerImpl	Method: buildDocument	Level: INFO	Message: Entry buildDocument
Thread Id: 1	Time: 2/1/11 7:27 PM	Class: com.forgerock.openconnector.xml.XMLHandlerImpl	Method: loadXmlFile	Level: INFO	Message: Entry getXmlFile
Thread Id: 1	Time: 2/1/11 7:27 PM	Class: com.forgerock.openconnector.xml.XMLHandlerImpl	Method: loadXmlFile	Level: INFO	Message: XML file was not found. Creating a new xml file on the path: testusers.xml
Thread Id: 1	Time: 2/1/11 7:27 PM	Class: com.forgerock.openconnector.xml.XMLHandlerImpl	Method: loadXmlFile	Level: INFO	Message: Exit getXmlFile
Thread Id: 1	Time: 2/1/11 7:27 PM	Class: com.forgerock.openconnector.xml.XMLHandlerImpl	Method: buildDocument	Level: INFO	Message: Exit buildDocument
]]></system-out>
  <system-err><![CDATA[]]></system-err>
</testsuite>
